<?xml version="1.0" encoding="UTF-8"?>
<testng-results skipped="0" failed="0" ignored="0" total="2" passed="2">
  <reporter-output>
  </reporter-output>
  <suite name="Test suite" duration-ms="44152" started-at="2017-12-01T23:05:17Z" finished-at="2017-12-01T23:06:01Z">
    <groups>
    </groups>
    <test name="Tests chrome" duration-ms="44152" started-at="2017-12-01T23:05:17Z" finished-at="2017-12-01T23:06:01Z">
      <class name="lecture4.ProductTest">
        <test-method status="PASS" signature="startDriver(java.lang.String)[pri:0, instance:lecture4.ProductTest@4909b8da]" name="startDriver" is-config="true" duration-ms="4810" started-at="2017-12-02T01:05:17Z" finished-at="2017-12-02T01:05:22Z">
          <params>
            <param index="0">
              <value>
                <![CDATA[chrome]]>
              </value>
            </param>
          </params>
          <reporter-output>
          </reporter-output>
        </test-method> <!-- startDriver -->
        <test-method status="PASS" signature="createProduct(java.lang.String, java.lang.String)[pri:0, instance:lecture4.ProductTest@4909b8da]" name="createProduct" duration-ms="28938" started-at="2017-12-02T01:05:22Z" data-provider="admin" finished-at="2017-12-02T01:05:51Z">
          <params>
            <param index="0">
              <value>
                <![CDATA[webinar.test@gmail.com]]>
              </value>
            </param>
            <param index="1">
              <value>
                <![CDATA[Xcg7299bnSmMuRLp9ITw]]>
              </value>
            </param>
          </params>
          <reporter-output>
          </reporter-output>
        </test-method> <!-- createProduct -->
        <test-method status="PASS" signature="checkProduct()[pri:0, instance:lecture4.ProductTest@4909b8da]" name="checkProduct" duration-ms="7712" started-at="2017-12-02T01:05:51Z" depends-on-methods="lecture4.ProductTest.createProduct" finished-at="2017-12-02T01:05:58Z">
          <reporter-output>
          </reporter-output>
        </test-method> <!-- checkProduct -->
        <test-method status="PASS" signature="quitDriver()[pri:0, instance:lecture4.ProductTest@4909b8da]" name="quitDriver" is-config="true" duration-ms="2646" started-at="2017-12-02T01:05:58Z" finished-at="2017-12-02T01:06:01Z">
          <reporter-output>
          </reporter-output>
        </test-method> <!-- quitDriver -->
      </class> <!-- lecture4.ProductTest -->
    </test> <!-- Tests chrome -->
  </suite> <!-- Test suite -->
</testng-results>
